<?xml version="1.0" encoding="UTF-8"?>
<!-- Generated by org.testng.reporters.JUnitReportReporter -->
<testsuite hostname="DESKTOP-H6R9LGB" name="com.xiaolanyun.appium.DataTest.testCase.search.SearchPage_001_SearchDemo_Test" tests="1" failures="0" timestamp="29 Mar 2018 13:15:15 GMT" time="19.654" errors="0">
  <testcase name="searchDemo" time="19.654" classname="com.xiaolanyun.appium.DataTest.testCase.search.SearchPage_001_SearchDemo_Test"/>
</testsuite> <!-- com.xiaolanyun.appium.DataTest.testCase.search.SearchPage_001_SearchDemo_Test -->
